<?xml version="1.0" encoding="UTF-8"?>
<!-- Generated by org.testng.reporters.JUnitReportReporter -->
<testsuite hostname="DESKTOP-JACOFGL" failures="0" tests="9" name="com.optimus.OptimusMavenProject.RePrint" time="271.382" errors="0" timestamp="2024-04-23T14:06:05 IST" skipped="0">
  <testcase classname="com.optimus.OptimusMavenProject.RePrint" name="loginwithValidUser" time="22.492"/>
  <testcase classname="com.optimus.OptimusMavenProject.RePrint" name="RePrintOrder" time="36.386"/>
  <testcase classname="com.optimus.OptimusMavenProject.RePrint" name="OrderRePrintwithKOT" time="25.681"/>
  <testcase classname="com.optimus.OptimusMavenProject.RePrint" name="OrderRePrintwithCaptain" time="33.636"/>
  <testcase classname="com.optimus.OptimusMavenProject.RePrint" name="OrderRePrintwithLabel" time="33.690"/>
  <testcase classname="com.optimus.OptimusMavenProject.RePrint" name="OrderSummaryOrderPrint" time="24.726"/>
  <testcase classname="com.optimus.OptimusMavenProject.RePrint" name="OrderSummaryOrderRePrintKOT" time="28.497"/>
  <testcase classname="com.optimus.OptimusMavenProject.RePrint" name="OrderSummaryOrderRePrintwithCaptain" time="31.547"/>
  <testcase classname="com.optimus.OptimusMavenProject.RePrint" name="OrderSummaryOrderRePrintwithLabel" time="34.727"/>
</testsuite> <!-- com.optimus.OptimusMavenProject.RePrint -->
