<?xml version="1.0" encoding="UTF-8"?>
<!-- Generated by org.testng.reporters.JUnitReportReporter -->
<testsuite hostname="DESKTOP-JACOFGL" failures="0" tests="16" name="com.optimus.OptimusMavenProject.NoCharge" time="504.319" errors="0" timestamp="2024-04-23T14:06:05 IST" skipped="0">
  <testcase classname="com.optimus.OptimusMavenProject.NoCharge" name="loginwithValidUser" time="22.048"/>
  <testcase classname="com.optimus.OptimusMavenProject.NoCharge" name="NoChargeTakeOrderOrder" time="26.182"/>
  <testcase classname="com.optimus.OptimusMavenProject.NoCharge" name="NoChargeWithGuestInformation" time="32.474"/>
  <testcase classname="com.optimus.OptimusMavenProject.NoCharge" name="CheckValidationOnAccoutnField" time="16.549"/>
  <testcase classname="com.optimus.OptimusMavenProject.NoCharge" name="NoChargeRecallOrderIncreaseQTY" time="15.721"/>
  <testcase classname="com.optimus.OptimusMavenProject.NoCharge" name="NoChargeRecallOrderAddItem" time="15.741"/>
  <testcase classname="com.optimus.OptimusMavenProject.NoCharge" name="NoChargeVoidItem" time="26.080"/>
  <testcase classname="com.optimus.OptimusMavenProject.NoCharge" name="NoChargeDailyLimit" time="47.794"/>
  <testcase classname="com.optimus.OptimusMavenProject.NoCharge" name="NoChargeMonthlyLimit" time="46.436"/>
  <testcase classname="com.optimus.OptimusMavenProject.NoCharge" name="NoChargewithPin" time="39.008"/>
  <testcase classname="com.optimus.OptimusMavenProject.NoCharge" name="NoChargewithInvalidPin" time="45.450"/>
  <testcase classname="com.optimus.OptimusMavenProject.NoCharge" name="NoChargewithUserChange" time="44.429"/>
  <testcase classname="com.optimus.OptimusMavenProject.NoCharge" name="NoChargewithDineIn" time="30.656"/>
  <testcase classname="com.optimus.OptimusMavenProject.NoCharge" name="NoChargewithTakeAway" time="22.037"/>
  <testcase classname="com.optimus.OptimusMavenProject.NoCharge" name="NoChargewithRoomPosting" time="27.275"/>
  <testcase classname="com.optimus.OptimusMavenProject.NoCharge" name="NoChargewithDeliveryManager" time="46.439"/>
</testsuite> <!-- com.optimus.OptimusMavenProject.NoCharge -->
