<?xml version="1.0" encoding="UTF-8"?>
<!-- Generated by org.testng.reporters.JUnitReportReporter -->
<testsuite hostname="DESKTOP-JACOFGL" failures="0" tests="15" name="com.optimus.OptimusMavenProject.Contactless" time="551.663" errors="0" timestamp="2024-04-23T14:06:05 IST" skipped="1">
  <testcase classname="com.optimus.OptimusMavenProject.Contactless" name="loginwithValidUser" time="26.179"/>
  <testcase classname="com.optimus.OptimusMavenProject.Contactless" name="ContactlessTakeOrder" time="53.811"/>
  <testcase classname="com.optimus.OptimusMavenProject.Contactless" name="ContactlessApproveOrder" time="25.135"/>
  <testcase classname="com.optimus.OptimusMavenProject.Contactless" name="ApproveOrderfromTable" time="33.933"/>
  <testcase classname="com.optimus.OptimusMavenProject.Contactless" name="approveOrderfromContactlessPage" time="41.691"/>
  <testcase classname="com.optimus.OptimusMavenProject.Contactless" name="approveOrderwithOrderofMultipleItems" time="28.906"/>
  <testcase classname="com.optimus.OptimusMavenProject.Contactless" name="DeclineOrder" time="26.577"/>
  <testcase classname="com.optimus.OptimusMavenProject.Contactless" name="DeclineOrderonViewOrder" time="28.809"/>
  <testcase classname="com.optimus.OptimusMavenProject.Contactless" name="DeclineOrderfromTable" time="37.977"/>
  <testcase classname="com.optimus.OptimusMavenProject.Contactless" name="DeclineOrderfromContactlessPage" time="46.346"/>
  <testcase classname="com.optimus.OptimusMavenProject.Contactless" name="ContactlessItemGroupOrder" time="52.544"/>
  <testcase classname="com.optimus.OptimusMavenProject.Contactless" name="ContactlessModifier" time="46.553"/>
  <testcase classname="com.optimus.OptimusMavenProject.Contactless" name="ContactLessRepeatItem" time="37.330"/>
  <testcase classname="com.optimus.OptimusMavenProject.Contactless" name="voidItemfromCart" time="65.872"/>
  <testcase classname="com.optimus.OptimusMavenProject.Contactless" name="ContactlessPayNow">
    <skipped/>
  </testcase> <!-- ContactlessPayNow -->
</testsuite> <!-- com.optimus.OptimusMavenProject.Contactless -->
