<?xml version="1.0" encoding="UTF-8"?>
<!-- Generated by org.testng.reporters.JUnitReportReporter -->
<testsuite hostname="DESKTOP-JACOFGL" failures="0" tests="24" name="com.optimus.OptimusMavenProject.RoomService" time="609.991" errors="0" timestamp="2024-04-23T14:06:05 IST" skipped="0">
  <testcase classname="com.optimus.OptimusMavenProject.RoomService" name="loginwithValidUser" time="21.676"/>
  <testcase classname="com.optimus.OptimusMavenProject.RoomService" name="RoomServiceTakeOrder" time="18.955"/>
  <testcase classname="com.optimus.OptimusMavenProject.RoomService" name="RoomPostingRecallOrder" time="15.634"/>
  <testcase classname="com.optimus.OptimusMavenProject.RoomService" name="RoomPostingRecallOrderDeleteItem" time="17.707"/>
  <testcase classname="com.optimus.OptimusMavenProject.RoomService" name="RoomPostingPostandFinishOrder" time="11.409"/>
  <testcase classname="com.optimus.OptimusMavenProject.RoomService" name="RoomPostingSplitOrder" time="31.284"/>
  <testcase classname="com.optimus.OptimusMavenProject.RoomService" name="RoomServiceMergeTwoOrders" time="15.583"/>
  <testcase classname="com.optimus.OptimusMavenProject.RoomService" name="RoomPostingSplitOrderEquallyBy3" time="15.596"/>
  <testcase classname="com.optimus.OptimusMavenProject.RoomService" name="RoomServiceMergeThreeOrders" time="15.680"/>
  <testcase classname="com.optimus.OptimusMavenProject.RoomService" name="RoomPostingSplitOrderEquallyBy4" time="15.656"/>
  <testcase classname="com.optimus.OptimusMavenProject.RoomService" name="RoomServiceMergeFourOrders" time="15.618"/>
  <testcase classname="com.optimus.OptimusMavenProject.RoomService" name="RoomPostingSplitOrderEquallyBy5" time="15.585"/>
  <testcase classname="com.optimus.OptimusMavenProject.RoomService" name="RoomServiceMergeFiveOrders" time="15.656"/>
  <testcase classname="com.optimus.OptimusMavenProject.RoomService" name="RoomPostingSplitOrderByQTY" time="39.818"/>
  <testcase classname="com.optimus.OptimusMavenProject.RoomService" name="RoomServiceMergeOrders" time="15.658"/>
  <testcase classname="com.optimus.OptimusMavenProject.RoomService" name="RoomPostingSplitOrderByCategory" time="50.672"/>
  <testcase classname="com.optimus.OptimusMavenProject.RoomService" name="RoomPostingMergeandSettleOrder" time="20.141"/>
  <testcase classname="com.optimus.OptimusMavenProject.RoomService" name="RoomPostingSettleOrderwithCash" time="24.114"/>
  <testcase classname="com.optimus.OptimusMavenProject.RoomService" name="RoomPostingSettleOrderwithBank" time="14.931"/>
  <testcase classname="com.optimus.OptimusMavenProject.RoomService" name="RoomPostingSettlewithPosting" time="22.246"/>
  <testcase classname="com.optimus.OptimusMavenProject.RoomService" name="RoomPostingwithOtherCurrency" time="35.318"/>
  <testcase classname="com.optimus.OptimusMavenProject.RoomService" name="RoomPostingVoidOrder" time="25.070"/>
  <testcase classname="com.optimus.OptimusMavenProject.RoomService" name="RoomPostingVoidMultipleOrders" time="101.879"/>
  <testcase classname="com.optimus.OptimusMavenProject.RoomService" name="RoomPostingFinishOrder" time="34.105"/>
</testsuite> <!-- com.optimus.OptimusMavenProject.RoomService -->
