<?xml version="1.0" encoding="UTF-8"?>
<!-- Generated by org.testng.reporters.JUnitReportReporter -->
<testsuite hostname="DESKTOP-JACOFGL" failures="0" tests="9" name="com.optimus.OptimusMavenProject.GRN" time="281.514" errors="0" timestamp="2024-04-23T14:06:05 IST" skipped="0">
  <testcase classname="com.optimus.OptimusMavenProject.GRN" name="loginwithValidUser" time="25.605"/>
  <testcase classname="com.optimus.OptimusMavenProject.GRN" name="AddGRN" time="35.075"/>
  <testcase classname="com.optimus.OptimusMavenProject.GRN" name="RecallGRN" time="14.640"/>
  <testcase classname="com.optimus.OptimusMavenProject.GRN" name="recallGRNaddItem" time="19.732"/>
  <testcase classname="com.optimus.OptimusMavenProject.GRN" name="recallGRNRemoveItem" time="22.686"/>
  <testcase classname="com.optimus.OptimusMavenProject.GRN" name="GRNwithMaximumPopupNotification" time="26.866"/>
  <testcase classname="com.optimus.OptimusMavenProject.GRN" name="AddMultipleGRN" time="90.457"/>
  <testcase classname="com.optimus.OptimusMavenProject.GRN" name="VoidGRN" time="22.668"/>
  <testcase classname="com.optimus.OptimusMavenProject.GRN" name="VoidMultipleGRN" time="23.785"/>
</testsuite> <!-- com.optimus.OptimusMavenProject.GRN -->
