<?xml version="1.0" encoding="UTF-8"?>
<!-- Generated by org.testng.reporters.JUnitReportReporter -->
<testsuite hostname="DESKTOP-JACOFGL" failures="0" tests="12" name="com.optimus.OptimusMavenProject.OrderSummary" time="292.996" errors="0" timestamp="2024-04-23T14:06:05 IST" skipped="0">
  <testcase classname="com.optimus.OptimusMavenProject.OrderSummary" name="loginwithValidUser" time="27.209"/>
  <testcase classname="com.optimus.OptimusMavenProject.OrderSummary" name="AddOrder" time="18.071"/>
  <testcase classname="com.optimus.OptimusMavenProject.OrderSummary" name="OrderSummaryRecall" time="13.523"/>
  <testcase classname="com.optimus.OptimusMavenProject.OrderSummary" name="OrderSplitOrder" time="15.585"/>
  <testcase classname="com.optimus.OptimusMavenProject.OrderSummary" name="OrderSummaryMergeOrder" time="15.675"/>
  <testcase classname="com.optimus.OptimusMavenProject.OrderSummary" name="OrderSummarySplitOrderbyQTY" time="24.184"/>
  <testcase classname="com.optimus.OptimusMavenProject.OrderSummary" name="OrderSummaryMergeOrder1" time="15.654"/>
  <testcase classname="com.optimus.OptimusMavenProject.OrderSummary" name="OrderSummarySplitOrderbyCategory" time="34.863"/>
  <testcase classname="com.optimus.OptimusMavenProject.OrderSummary" name="OrderSummaryVoidOrder" time="13.470"/>
  <testcase classname="com.optimus.OptimusMavenProject.OrderSummary" name="OrderSummaryVoidMultipleOrder" time="45.886"/>
  <testcase classname="com.optimus.OptimusMavenProject.OrderSummary" name="OrderSummarySettleOrder" time="24.326"/>
  <testcase classname="com.optimus.OptimusMavenProject.OrderSummary" name="OrderSummarySettleBulkOrder" time="44.550"/>
</testsuite> <!-- com.optimus.OptimusMavenProject.OrderSummary -->
