<?xml version="1.0" encoding="UTF-8"?>
<!-- Generated by org.testng.reporters.JUnitReportReporter -->
<testsuite hostname="DESKTOP-JACOFGL" failures="0" tests="72" name="com.optimus.OptimusMavenProject.DineIn" time="2053.196" errors="0" timestamp="2024-04-23T14:06:05 IST" skipped="0">
  <testcase classname="com.optimus.OptimusMavenProject.DineIn" name="loginwithValidUser" time="28.893"/>
  <testcase classname="com.optimus.OptimusMavenProject.DineIn" name="TakeOrder" time="26.134"/>
  <testcase classname="com.optimus.OptimusMavenProject.DineIn" name="RecallOrder" time="13.547"/>
  <testcase classname="com.optimus.OptimusMavenProject.DineIn" name="RecallOrderandDecreaseQTY" time="23.849"/>
  <testcase classname="com.optimus.OptimusMavenProject.DineIn" name="RecallOrderAddItem" time="17.852"/>
  <testcase classname="com.optimus.OptimusMavenProject.DineIn" name="AddMultipleItem" time="24.240"/>
  <testcase classname="com.optimus.OptimusMavenProject.DineIn" name="addModifierItem" time="21.041"/>
  <testcase classname="com.optimus.OptimusMavenProject.DineIn" name="IncreaseMultipleItemQTY" time="17.817"/>
  <testcase classname="com.optimus.OptimusMavenProject.DineIn" name="voidItem" time="23.899"/>
  <testcase classname="com.optimus.OptimusMavenProject.DineIn" name="voidMultipleItem" time="48.692"/>
  <testcase classname="com.optimus.OptimusMavenProject.DineIn" name="voidModifierItem" time="32.422"/>
  <testcase classname="com.optimus.OptimusMavenProject.DineIn" name="checkValidation" time="25.988"/>
  <testcase classname="com.optimus.OptimusMavenProject.DineIn" name="voidItemThroughItemPopup" time="38.659"/>
  <testcase classname="com.optimus.OptimusMavenProject.DineIn" name="VoidOrder" time="19.549"/>
  <testcase classname="com.optimus.OptimusMavenProject.DineIn" name="VoidMultipleOrder" time="94.244"/>
  <testcase classname="com.optimus.OptimusMavenProject.DineIn" name="QuickPay" time="17.904"/>
  <testcase classname="com.optimus.OptimusMavenProject.DineIn" name="RecallOrderQuickPay" time="24.361"/>
  <testcase classname="com.optimus.OptimusMavenProject.DineIn" name="SettleOrderwithCash" time="27.282"/>
  <testcase classname="com.optimus.OptimusMavenProject.DineIn" name="SettleOrderwithBank" time="24.314"/>
  <testcase classname="com.optimus.OptimusMavenProject.DineIn" name="CashwithSurcharge" time="33.525"/>
  <testcase classname="com.optimus.OptimusMavenProject.DineIn" name="BankwithSurcharge" time="26.540"/>
  <testcase classname="com.optimus.OptimusMavenProject.DineIn" name="settleOrderwithCredit" time="26.595"/>
  <testcase classname="com.optimus.OptimusMavenProject.DineIn" name="CreditwithInsufficientBalance" time="37.404"/>
  <testcase classname="com.optimus.OptimusMavenProject.DineIn" name="settleOrderwithCreditUpdateGuestInfo" time="26.375"/>
  <testcase classname="com.optimus.OptimusMavenProject.DineIn" name="settleOrderwithRoomPost" time="26.535"/>
  <testcase classname="com.optimus.OptimusMavenProject.DineIn" name="settleOrderPartially" time="44.426"/>
  <testcase classname="com.optimus.OptimusMavenProject.DineIn" name="settleOrderwithOtherCurrency" time="31.284"/>
  <testcase classname="com.optimus.OptimusMavenProject.DineIn" name="settleOrderwithTwoCurrency" time="48.554"/>
  <testcase classname="com.optimus.OptimusMavenProject.DineIn" name="DeletePayment" time="51.846"/>
  <testcase classname="com.optimus.OptimusMavenProject.DineIn" name="addExtraCharge" time="15.655"/>
  <testcase classname="com.optimus.OptimusMavenProject.DineIn" name="multipleExtraCharge" time="26.595"/>
  <testcase classname="com.optimus.OptimusMavenProject.DineIn" name="removeExtraCharge" time="22.144"/>
  <testcase classname="com.optimus.OptimusMavenProject.DineIn" name="removeMultipleExtraCharge" time="28.558"/>
  <testcase classname="com.optimus.OptimusMavenProject.DineIn" name="QuickPayOrderwithExtraCharge" time="15.815"/>
  <testcase classname="com.optimus.OptimusMavenProject.DineIn" name="settleOrderwithExtraCharge" time="31.487"/>
  <testcase classname="com.optimus.OptimusMavenProject.DineIn" name="SettledOrderwithmultipleExtraCharge" time="30.666"/>
  <testcase classname="com.optimus.OptimusMavenProject.DineIn" name="CheckValidationsonExtarChrage" time="13.559"/>
  <testcase classname="com.optimus.OptimusMavenProject.DineIn" name="addRemovedExtarChrage" time="39.184"/>
  <testcase classname="com.optimus.OptimusMavenProject.DineIn" name="addOrderDiscount" time="22.231"/>
  <testcase classname="com.optimus.OptimusMavenProject.DineIn" name="addItemDiscount" time="20.019"/>
  <testcase classname="com.optimus.OptimusMavenProject.DineIn" name="QuickPayAfteraddDiscounts" time="11.516"/>
  <testcase classname="com.optimus.OptimusMavenProject.DineIn" name="SettleOrderAfteraddDiscounts" time="39.995"/>
  <testcase classname="com.optimus.OptimusMavenProject.DineIn" name="addMultipleOrderDiscount" time="28.588"/>
  <testcase classname="com.optimus.OptimusMavenProject.DineIn" name="addMultipleItemDiscount" time="26.419"/>
  <testcase classname="com.optimus.OptimusMavenProject.DineIn" name="removeOrderDiscount" time="20.036"/>
  <testcase classname="com.optimus.OptimusMavenProject.DineIn" name="removeItemDiscount" time="20.049"/>
  <testcase classname="com.optimus.OptimusMavenProject.DineIn" name="AddremovedOrderDiscount" time="15.781"/>
  <testcase classname="com.optimus.OptimusMavenProject.DineIn" name="AddremovedItemDiscount" time="20.310"/>
  <testcase classname="com.optimus.OptimusMavenProject.DineIn" name="AddOpenOrderDiscount" time="28.814"/>
  <testcase classname="com.optimus.OptimusMavenProject.DineIn" name="AddOpenItemDiscount" time="26.445"/>
  <testcase classname="com.optimus.OptimusMavenProject.DineIn" name="Add100ItemDiscount" time="32.989"/>
  <testcase classname="com.optimus.OptimusMavenProject.DineIn" name="Add100OrderDiscount" time="30.686"/>
  <testcase classname="com.optimus.OptimusMavenProject.DineIn" name="OverwriteItemDiscount" time="56.702"/>
  <testcase classname="com.optimus.OptimusMavenProject.DineIn" name="AddAutoDiscountOnModifier" time="40.411"/>
  <testcase classname="com.optimus.OptimusMavenProject.DineIn" name="AddDiscountOnModifier" time="35.772"/>
  <testcase classname="com.optimus.OptimusMavenProject.DineIn" name="SplitOrderByEqually2" time="31.009"/>
  <testcase classname="com.optimus.OptimusMavenProject.DineIn" name="MergeTwoOrders" time="15.781"/>
  <testcase classname="com.optimus.OptimusMavenProject.DineIn" name="SplidOrdersByQuantity" time="24.353"/>
  <testcase classname="com.optimus.OptimusMavenProject.DineIn" name="MergeAndSettleOrders" time="25.544"/>
  <testcase classname="com.optimus.OptimusMavenProject.DineIn" name="splitOrderbyCategory" time="61.143"/>
  <testcase classname="com.optimus.OptimusMavenProject.DineIn" name="MergeAndPrintOrders" time="15.831"/>
  <testcase classname="com.optimus.OptimusMavenProject.DineIn" name="splitOrderbySeat" time="32.981"/>
  <testcase classname="com.optimus.OptimusMavenProject.DineIn" name="TransferOrders" time="15.720"/>
  <testcase classname="com.optimus.OptimusMavenProject.DineIn" name="TarnsferOrderByQTY" time="24.293"/>
  <testcase classname="com.optimus.OptimusMavenProject.DineIn" name="CheckValidations" time="18.582"/>
  <testcase classname="com.optimus.OptimusMavenProject.DineIn" name="TarnsferItemintoOldOrder" time="35.024"/>
  <testcase classname="com.optimus.OptimusMavenProject.DineIn" name="TransferOrders1" time="15.756"/>
  <testcase classname="com.optimus.OptimusMavenProject.DineIn" name="TransferNewOrders" time="28.482"/>
  <testcase classname="com.optimus.OptimusMavenProject.DineIn" name="NewOrderwithTransferItem" time="43.658"/>
  <testcase classname="com.optimus.OptimusMavenProject.DineIn" name="TransferOrders2" time="15.779"/>
  <testcase classname="com.optimus.OptimusMavenProject.DineIn" name="TransferMultipleOrder" time="15.737"/>
  <testcase classname="com.optimus.OptimusMavenProject.DineIn" name="MergeMultipleOrdersAndVoid" time="29.326"/>
</testsuite> <!-- com.optimus.OptimusMavenProject.DineIn -->
