<?xml version="1.0" encoding="UTF-8"?>
<!-- Generated by org.testng.reporters.JUnitReportReporter -->
<testsuite hostname="DESKTOP-9NFKJN1" failures="0" tests="1" name="com.optimus.OptimusMavenProject.NewTest" time="2.489" errors="0" timestamp="2023-09-27T15:03:59 IST" skipped="0">
  <testcase classname="com.optimus.OptimusMavenProject.NewTest" name="f" time="2.489"/>
  <system-out/>
</testsuite> <!-- com.optimus.OptimusMavenProject.NewTest -->
