<?xml version="1.0" encoding="UTF-8"?>
<!-- Generated by org.testng.reporters.JUnitReportReporter -->
<testsuite hostname="DESKTOP-JACOFGL" failures="0" tests="12" name="com.optimus.OptimusMavenProject.DeliveryManager" time="459.237" errors="0" timestamp="2024-04-23T14:06:05 IST" skipped="0">
  <testcase classname="com.optimus.OptimusMavenProject.DeliveryManager" name="loginwithValidUser" time="22.443"/>
  <testcase classname="com.optimus.OptimusMavenProject.DeliveryManager" name="DeliveryTakeNewOrder" time="54.185"/>
  <testcase classname="com.optimus.OptimusMavenProject.DeliveryManager" name="DeliveryRecallOrderAddItem" time="25.620"/>
  <testcase classname="com.optimus.OptimusMavenProject.DeliveryManager" name="DeliveryRecallOrderVoidItem" time="33.872"/>
  <testcase classname="com.optimus.OptimusMavenProject.DeliveryManager" name="DeliverySettleOrder" time="15.365"/>
  <testcase classname="com.optimus.OptimusMavenProject.DeliveryManager" name="DeliveryAssignDriver" time="37.613"/>
  <testcase classname="com.optimus.OptimusMavenProject.DeliveryManager" name="DeliveryDispatchOrder" time="15.309"/>
  <testcase classname="com.optimus.OptimusMavenProject.DeliveryManager" name="DeliveryUndoAction" time="28.615"/>
  <testcase classname="com.optimus.OptimusMavenProject.DeliveryManager" name="DeliveryOperations" time="31.671"/>
  <testcase classname="com.optimus.OptimusMavenProject.DeliveryManager" name="DeliverySettleOrderWithQuickPay" time="69.463"/>
  <testcase classname="com.optimus.OptimusMavenProject.DeliveryManager" name="DeliveryVoidOrder" time="61.148"/>
  <testcase classname="com.optimus.OptimusMavenProject.DeliveryManager" name="searchNumber" time="63.933"/>
</testsuite> <!-- com.optimus.OptimusMavenProject.DeliveryManager -->
